<testsuites id="" name="" tests="1" failures="1" skipped="0" errors="0" time="2.4212580000000004">
<testsuite name="game-flow.spec.ts" timestamp="2025-06-16T04:43:30.371Z" hostname="chromium" tests="1" failures="1" skipped="0" time="0.003" errors="0">
<testcase name="should complete basic game flow" classname="game-flow.spec.ts" time="0.003">
<failure message="game-flow.spec.ts:7:1 should complete basic game flow" type="FAILURE">
<![CDATA[  [chromium] › game-flow.spec.ts:7:1 › should complete basic game flow ─────────────────────────────

    Error: browserType.launch: Executable doesn't exist at /Users/sid/Library/Caches/ms-playwright/chromium-1178/chrome-mac/Chromium.app/Contents/MacOS/Chromium
    ╔═════════════════════════════════════════════════════════════════════════╗
    ║ Looks like Playwright Test or Playwright was just installed or updated. ║
    ║ Please run the following command to download new browsers:              ║
    ║                                                                         ║
    ║     npx playwright install                                              ║
    ║                                                                         ║
    ║ <3 Playwright Team                                                      ║
    ╚═════════════════════════════════════════════════════════════════════════╝

    Retry #1 ───────────────────────────────────────────────────────────────────────────────────────

    Error: browserType.launch: Executable doesn't exist at /Users/sid/Library/Caches/ms-playwright/chromium-1178/chrome-mac/Chromium.app/Contents/MacOS/Chromium
    ╔═════════════════════════════════════════════════════════════════════════╗
    ║ Looks like Playwright Test or Playwright was just installed or updated. ║
    ║ Please run the following command to download new browsers:              ║
    ║                                                                         ║
    ║     npx playwright install                                              ║
    ║                                                                         ║
    ║ <3 Playwright Team                                                      ║
    ╚═════════════════════════════════════════════════════════════════════════╝

    attachment #1: trace (application/zip) ─────────────────────────────────────────────────────────
    test-results/game-flow-should-complete-basic-game-flow-chromium-retry1/trace.zip
    Usage:

        npx playwright show-trace test-results/game-flow-should-complete-basic-game-flow-chromium-retry1/trace.zip

    ────────────────────────────────────────────────────────────────────────────────────────────────

    Retry #2 ───────────────────────────────────────────────────────────────────────────────────────

    Error: browserType.launch: Executable doesn't exist at /Users/sid/Library/Caches/ms-playwright/chromium-1178/chrome-mac/Chromium.app/Contents/MacOS/Chromium
    ╔═════════════════════════════════════════════════════════════════════════╗
    ║ Looks like Playwright Test or Playwright was just installed or updated. ║
    ║ Please run the following command to download new browsers:              ║
    ║                                                                         ║
    ║     npx playwright install                                              ║
    ║                                                                         ║
    ║ <3 Playwright Team                                                      ║
    ╚═════════════════════════════════════════════════════════════════════════╝
]]>
</failure>
<system-out>
<![CDATA[
[[ATTACHMENT|../test-results/game-flow-should-complete-basic-game-flow-chromium-retry1/trace.zip]]
]]>
</system-out>
</testcase>
</testsuite>
</testsuites>